<?xml version="1.0" encoding="UTF-8"?>
<!-- Generated by org.testng.reporters.JUnitXMLReporter -->
<testsuite ignored="0" hostname="DELL-PRECISION-M4800" failures="0" tests="3" name="VodafoneautomationTask-master" time="16.376" errors="0" timestamp="2022-10-02T19:51:28 EET">
  <testcase classname="tests.GoogleSearchTests" name="user_enter_data_to_googlesearchtext" time="10.695"/>
  <testcase classname="tests.GoogleSearchTests" name="nextPagecount" time="4.721"/>
  <testcase classname="tests.GoogleSearchTests" name="Validate_page_two_is_egual_page_three" time="0.935"/>
</testsuite> <!-- VodafoneautomationTask-master -->
